Increment Time CutbackLevel Converged IterationsNeeded StagIterationsNeeded
           1   3.3333333333333333E-002           0 T           5           2
           2   6.6666666666666666E-002           0 T          10           2
           3  0.10000000000000001                0 T          10           2
           4  0.13333333333333333                0 T           9           2
           5  0.16666666666666666                0 T           7           2
           6  0.19999999999999998                0 T           6           2
           7  0.23333333333333331                0 T           6           2
           8  0.26666666666666666                0 T           5           2
           9  0.29999999999999999                0 T           5           2
          10  0.33333333333333331                0 T           4           2
          11  0.36666666666666664                0 T           4           2
          12  0.39999999999999997                0 T           4           2
          13  0.43333333333333329                0 T           4           2
          14  0.46666666666666662                0 T           3           2
          15  0.49999999999999994                0 T           4           2
          16  0.53333333333333333                0 T           3           2
          17  0.56666666666666665                0 T           4           2
          18  0.59999999999999998                0 T           3           2
          19  0.63333333333333330                0 T           4           2
          20  0.66666666666666663                0 T           3           2
          21  0.69999999999999996                0 T           4           2
          22  0.73333333333333328                0 T           3           2
          23  0.76666666666666661                0 T           4           2
          24  0.79999999999999993                0 T           3           2
          25  0.83333333333333326                0 T           4           2
          26  0.86666666666666659                0 T           3           2
          27  0.89999999999999991                0 T           4           2
          28  0.93333333333333324                0 T           3           2
          29  0.96666666666666656                0 T           3           2
          30  0.99999999999999989                0 T           4           2
          31   1.0333333333333332                0 T           3           2
          32   1.0666666666666667                0 T           3           2
          33   1.1000000000000001                0 T           4           2
          34   1.1333333333333335                0 T           3           2
          35   1.1666666666666670                0 T           3           2
          36   1.2000000000000004                0 T           3           2
          37   1.2333333333333338                0 T           3           2
          38   1.2666666666666673                0 T           3           2
          39   1.3000000000000007                0 T           3           2
          40   1.3333333333333341                0 T           3           2
          41   1.3666666666666676                0 T           3           2
          42   1.4000000000000010                0 T           3           2
          43   1.4333333333333345                0 T           3           2
          44   1.4666666666666679                0 T           3           2
          45   1.5000000000000013                0 T           3           2
          46   1.5333333333333348                0 T           3           2
          47   1.5666666666666682                0 T           3           2
          48   1.6000000000000016                0 T           3           2
          49   1.6333333333333351                0 T           3           2
          50   1.6666666666666685                0 T           3           2
          51   1.7000000000000020                0 T           3           2
          52   1.7333333333333354                0 T           3           2
          53   1.7666666666666688                0 T           3           2
          54   1.8000000000000023                0 T           3           2
          55   1.8333333333333357                0 T           3           2
          56   1.8666666666666691                0 T           3           2
          57   1.9000000000000026                0 T           3           2
          58   1.9333333333333360                0 T           3           2
          59   1.9666666666666694                0 T           3           2
          60   2.0000000000000027                0 T           3           2
          61   2.0333333333333359                0 T           3           2
          62   2.0666666666666691                0 T           3           2
          63   2.1000000000000023                0 T           3           2
          64   2.1333333333333355                0 T           3           2
          65   2.1666666666666687                0 T           3           2
          66   2.2000000000000020                0 T           3           2
          67   2.2333333333333352                0 T           3           2
          68   2.2666666666666684                0 T           3           2
          69   2.3000000000000016                0 T           3           2
          70   2.3333333333333348                0 T           3           2
          71   2.3666666666666680                0 T           3           2
          72   2.4000000000000012                0 T           3           2
          73   2.4333333333333345                0 T           3           2
          74   2.4666666666666677                0 T           3           2
          75   2.5000000000000009                0 T           3           2
          76   2.5333333333333341                0 T           3           2
          77   2.5666666666666673                0 T           3           2
          78   2.6000000000000005                0 T           3           2
          79   2.6333333333333337                0 T           3           2
          80   2.6666666666666670                0 T           3           2
          81   2.7000000000000002                0 T           3           2
          82   2.7333333333333334                0 T           3           2
          83   2.7666666666666666                0 T           3           2
          84   2.7999999999999998                0 T           3           2
          85   2.8333333333333330                0 T           3           2
          86   2.8666666666666663                0 T           3           2
          87   2.8999999999999995                0 T           3           2
          88   2.9333333333333327                0 T           3           2
          89   2.9666666666666659                0 T           4           2
          90   2.9999999999999991                0 T           3           2
          91   3.0333333333333323                0 T           3           2
          92   3.0666666666666655                0 T           4           2
          93   3.0999999999999988                0 T           3           2
          94   3.1333333333333320                0 T           3           2
          95   3.1666666666666652                0 T           4           2
          96   3.1999999999999984                0 T           3           2
          97   3.2333333333333316                0 T           3           2
          98   3.2666666666666648                0 T           4           2
          99   3.2999999999999980                0 T           3           2
         100   3.3333333333333313                0 T           3           2
         101   3.3666666666666645                0 T           4           2
         102   3.3999999999999977                0 T           3           2
         103   3.4333333333333309                0 T           3           2
         104   3.4666666666666641                0 T           4           2
         105   3.4999999999999973                0 T           3           2
         106   3.5333333333333306                0 T           3           2
         107   3.5666666666666638                0 T           4           2
         108   3.5999999999999970                0 T           3           2
         109   3.6333333333333302                0 T           3           2
         110   3.6666666666666634                0 T           4           2
         111   3.6999999999999966                0 T           3           2
         112   3.7333333333333298                0 T           4           2
         113   3.7666666666666631                0 T           3           2
         114   3.7999999999999963                0 T           4           2
         115   3.8333333333333295                0 T           3           2
         116   3.8666666666666627                0 T           4           2
         117   3.8999999999999959                0 T           3           2
         118   3.9333333333333291                0 T           4           2
         119   3.9666666666666623                0 T           3           2
         120   3.9999999999999956                0 T           4           2
